<?xml version="1.0" encoding="UTF-8"?>
<!-- Generated by org.testng.reporters.JUnitReportReporter -->
<testsuite skipped="0" hostname="DESKTOP-UM1UB2U" name="qaacademy.MavenNew.AppiumTest" tests="2" failures="0" timestamp="25 Aug 2020 16:10:15 GMT" time="0.001" errors="0">
  <testcase name="Appiumlogout" time="0.000" classname="qaacademy.MavenNew.AppiumTest"/>
  <testcase name="Appiumlogin" time="0.001" classname="qaacademy.MavenNew.AppiumTest"/>
</testsuite> <!-- qaacademy.MavenNew.AppiumTest -->
