<?xml version="1.0" encoding="UTF-8"?>
<!-- Generated by org.testng.reporters.JUnitReportReporter -->
<testsuite skipped="0" hostname="DESKTOP-UM1UB2U" name="qaacademy.MavenNew.APITest" tests="2" failures="0" timestamp="25 Aug 2020 16:10:15 GMT" time="0.012" errors="0">
  <testcase name="APIlogin" time="0.011" classname="qaacademy.MavenNew.APITest"/>
  <testcase name="APIlogout" time="0.001" classname="qaacademy.MavenNew.APITest"/>
</testsuite> <!-- qaacademy.MavenNew.APITest -->
