<?xml version="1.0" encoding="UTF-8"?>
<!-- Generated by org.testng.reporters.JUnitReportReporter -->
<testsuite skipped="0" hostname="DESKTOP-UM1UB2U" name="qaacademy.MavenNew.SeleniumTest" tests="2" failures="0" timestamp="25 Aug 2020 16:09:48 GMT" time="0.001" errors="0">
  <testcase name="seleniumlogin" time="0.000" classname="qaacademy.MavenNew.SeleniumTest"/>
  <testcase name="seleniumlogout" time="0.001" classname="qaacademy.MavenNew.SeleniumTest"/>
</testsuite> <!-- qaacademy.MavenNew.SeleniumTest -->
